<?xml version="1.0" encoding="UTF-8"?>
<!-- Generated by org.testng.reporters.JUnitXMLReporter -->
<testsuite ignored="4" hostname="LAPTOP-858J0VPN" failures="0" tests="1" name="Default test" time="3.466" errors="0" timestamp="2024-12-01T19:42:46 IST">
  <testcase classname="E2E.Framework.LoginPageTest" name="verifyCustomMethods" time="0.058"/>
  <testcase classname="E2E.Framework.LoginPageTest" name="verifyThatStandardUserCannotLogInWithInvalidUsername" time="0.0">
    <ignored/>
  </testcase> <!-- verifyThatStandardUserCannotLogInWithInvalidUsername -->
  <testcase classname="E2E.Framework.LoginPageTest" name="verifyThatStandardUserCannotLogInWithInvalidPassword" time="0.0">
    <ignored/>
  </testcase> <!-- verifyThatStandardUserCannotLogInWithInvalidPassword -->
  <testcase classname="E2E.Framework.LoginPageTest" name="verifyScreenshotCaptureFunctionality" time="0.0">
    <ignored/>
  </testcase> <!-- verifyScreenshotCaptureFunctionality -->
  <testcase classname="E2E.Framework.LoginPageTest" name="verifyThatStandardUserCanLogInWithValidInputs" time="0.0">
    <ignored/>
  </testcase> <!-- verifyThatStandardUserCanLogInWithValidInputs -->
</testsuite> <!-- Default test -->
