<?xml version="1.0" encoding="UTF-8"?>
<!-- Generated by org.testng.reporters.JUnitXMLReporter -->
<testsuite ignored="0" hostname="LAPTOP-858J0VPN" failures="1" tests="1" name="ValidateTitle test" time="6.184" errors="0" timestamp="2021-08-15T22:02:34 IST">
  <testcase classname="E2E.Framework.validateTitle" name="validatetitle" time="0.011">
    <failure type="java.lang.AssertionError" message="expected [Bibhuti] but found [QA Click Academy | Selenium,Jmeter,SoapUI,Appium,Database testing,QA Training Academy]">
      <![CDATA[java.lang.AssertionError: expected [Bibhuti] but found [QA Click Academy | Selenium,Jmeter,SoapUI,Appium,Database testing,QA Training Academy]
at E2E.Framework.validateTitle.validatetitle(validateTitle.java:24)
at java.base/java.util.ArrayList.forEach(ArrayList.java:1511)
at java.base/java.util.concurrent.FutureTask.run(FutureTask.java:264)
at java.base/java.util.concurrent.ThreadPoolExecutor.runWorker(ThreadPoolExecutor.java:1130)
at java.base/java.util.concurrent.ThreadPoolExecutor$Worker.run(ThreadPoolExecutor.java:630)
at java.base/java.lang.Thread.run(Thread.java:832)
... Removed 24 stack frames]]>
    </failure>
  </testcase> <!-- validatetitle -->
</testsuite> <!-- ValidateTitle test -->
