<?xml version="1.0" encoding="UTF-8"?>
<!-- Generated by org.testng.reporters.JUnitXMLReporter -->
<testsuite ignored="0" hostname="LAPTOP-858J0VPN" failures="1" tests="4" name="Test" time="11.854" errors="0" timestamp="2021-08-14T22:43:59 IST">
  <testcase classname="E2E.Framework.validateTitle" name="validatetitle" time="0.009">
    <failure type="java.lang.AssertionError" message="expected [Bibhuti] but found [QA Click Academy | Selenium,Jmeter,SoapUI,Appium,Database testing,QA Training Academy]">
      <![CDATA[java.lang.AssertionError: expected [Bibhuti] but found [QA Click Academy | Selenium,Jmeter,SoapUI,Appium,Database testing,QA Training Academy]
at E2E.Framework.validateTitle.validatetitle(validateTitle.java:22)
at java.base/java.util.ArrayList.forEach(ArrayList.java:1511)
... Removed 37 stack frames]]>
    </failure>
  </testcase> <!-- validatetitle -->
  <testcase classname="E2E.Framework.HomePage" name="basePageNavigation" time="2.566"/>
  <testcase classname="E2E.Framework.HomePage" name="basePageNavigation" time="1.632"/>
  <testcase classname="E2E.Framework.validateNavigationBar" name="validatingAssertions" time="0.072"/>
</testsuite> <!-- Test -->
