<?xml version="1.0" encoding="UTF-8"?>
<testng-results ignored="0" total="17" passed="16" failed="1" skipped="0">
  <reporter-output>
  </reporter-output>
  <suite started-at="2024-12-01T19:42:57 IST" name="Suite" finished-at="2024-12-01T19:43:10 IST" duration-ms="12811">
    <groups>
    </groups>
    <test started-at="2024-12-01T19:42:57 IST" name="Test" finished-at="2024-12-01T19:43:10 IST" duration-ms="12811">
      <class name="E2E.Framework.LoginPageTest">
        <test-method is-config="true" signature="setup()[pri:0, instance:E2E.Framework.LoginPageTest@1b75c2e3]" started-at="2024-12-01T19:43:06 IST" name="setup" finished-at="2024-12-01T19:43:08 IST" duration-ms="2339" status="PASS">
          <reporter-output>
          </reporter-output>
        </test-method> <!-- setup -->
        <test-method is-config="true" signature="resetToLoginPage()[pri:0, instance:E2E.Framework.LoginPageTest@1b75c2e3]" started-at="2024-12-01T19:43:08 IST" name="resetToLoginPage" finished-at="2024-12-01T19:43:08 IST" duration-ms="51" status="PASS">
          <reporter-output>
          </reporter-output>
        </test-method> <!-- resetToLoginPage -->
        <test-method signature="verifyThatStandardUserCanLogInWithValidInputs(java.lang.String,java.lang.String)[pri:1, instance:E2E.Framework.LoginPageTest@1b75c2e3]" started-at="2024-12-01T19:43:08 IST" name="verifyThatStandardUserCanLogInWithValidInputs" data-provider="validLoginData" finished-at="2024-12-01T19:43:08 IST" duration-ms="302" status="PASS">
          <params>
            <param index="0">
              <value>
                <![CDATA[standard_user]]>
              </value>
            </param>
            <param index="1">
              <value>
                <![CDATA[secret_sauce]]>
              </value>
            </param>
          </params>
          <reporter-output>
          </reporter-output>
        </test-method> <!-- verifyThatStandardUserCanLogInWithValidInputs -->
        <test-method is-config="true" signature="resetToLoginPage()[pri:0, instance:E2E.Framework.LoginPageTest@1b75c2e3]" started-at="2024-12-01T19:43:08 IST" name="resetToLoginPage" finished-at="2024-12-01T19:43:08 IST" duration-ms="40" status="PASS">
          <reporter-output>
          </reporter-output>
        </test-method> <!-- resetToLoginPage -->
        <test-method signature="verifyThatStandardUserCannotLogInWithInvalidUsername(java.lang.String,java.lang.String)[pri:2, instance:E2E.Framework.LoginPageTest@1b75c2e3]" started-at="2024-12-01T19:43:08 IST" name="verifyThatStandardUserCannotLogInWithInvalidUsername" data-provider="invalidUsernameData" finished-at="2024-12-01T19:43:09 IST" duration-ms="257" status="PASS">
          <params>
            <param index="0">
              <value>
                <![CDATA[user]]>
              </value>
            </param>
            <param index="1">
              <value>
                <![CDATA[secret_sauce]]>
              </value>
            </param>
          </params>
          <reporter-output>
          </reporter-output>
        </test-method> <!-- verifyThatStandardUserCannotLogInWithInvalidUsername -->
        <test-method is-config="true" signature="resetToLoginPage()[pri:0, instance:E2E.Framework.LoginPageTest@1b75c2e3]" started-at="2024-12-01T19:43:09 IST" name="resetToLoginPage" finished-at="2024-12-01T19:43:09 IST" duration-ms="64" status="PASS">
          <reporter-output>
          </reporter-output>
        </test-method> <!-- resetToLoginPage -->
        <test-method signature="verifyThatStandardUserCannotLogInWithInvalidPassword(java.lang.String,java.lang.String)[pri:3, instance:E2E.Framework.LoginPageTest@1b75c2e3]" started-at="2024-12-01T19:43:09 IST" name="verifyThatStandardUserCannotLogInWithInvalidPassword" data-provider="invalidPasswordData" finished-at="2024-12-01T19:43:09 IST" duration-ms="237" status="PASS">
          <params>
            <param index="0">
              <value>
                <![CDATA[standard_user]]>
              </value>
            </param>
            <param index="1">
              <value>
                <![CDATA[wrong]]>
              </value>
            </param>
          </params>
          <reporter-output>
          </reporter-output>
        </test-method> <!-- verifyThatStandardUserCannotLogInWithInvalidPassword -->
        <test-method is-config="true" signature="resetToLoginPage()[pri:0, instance:E2E.Framework.LoginPageTest@1b75c2e3]" started-at="2024-12-01T19:43:09 IST" name="resetToLoginPage" finished-at="2024-12-01T19:43:09 IST" duration-ms="35" status="PASS">
          <reporter-output>
          </reporter-output>
        </test-method> <!-- resetToLoginPage -->
        <test-method signature="verifyScreenshotCaptureFunctionality(java.lang.String,java.lang.String)[pri:4, instance:E2E.Framework.LoginPageTest@1b75c2e3]" started-at="2024-12-01T19:43:09 IST" name="verifyScreenshotCaptureFunctionality" data-provider="validLoginData" finished-at="2024-12-01T19:43:09 IST" duration-ms="235" status="FAIL">
          <params>
            <param index="0">
              <value>
                <![CDATA[standard_user]]>
              </value>
            </param>
            <param index="1">
              <value>
                <![CDATA[secret_sauce]]>
              </value>
            </param>
          </params>
          <exception class="java.lang.AssertionError">
            <message>
              <![CDATA[This test is just check the screenshot capture functionality]]>
            </message>
            <full-stacktrace>
              <![CDATA[java.lang.AssertionError: This test is just check the screenshot capture functionality
at org.testng.Assert.fail(Assert.java:99)
at E2E.Framework.LoginPageTest.verifyScreenshotCaptureFunctionality(LoginPageTest.java:90)
at java.base/jdk.internal.reflect.NativeMethodAccessorImpl.invoke0(Native Method)
at java.base/jdk.internal.reflect.NativeMethodAccessorImpl.invoke(NativeMethodAccessorImpl.java:64)
at java.base/jdk.internal.reflect.DelegatingMethodAccessorImpl.invoke(DelegatingMethodAccessorImpl.java:43)
at java.base/java.lang.reflect.Method.invoke(Method.java:564)
at org.testng.internal.MethodInvocationHelper.invokeMethod(MethodInvocationHelper.java:133)
at org.testng.internal.TestInvoker.invokeMethod(TestInvoker.java:598)
at org.testng.internal.TestInvoker.invokeTestMethod(TestInvoker.java:173)
at org.testng.internal.MethodRunner.runInSequence(MethodRunner.java:46)
at org.testng.internal.TestInvoker$MethodInvocationAgent.invoke(TestInvoker.java:824)
at org.testng.internal.TestInvoker.invokeTestMethods(TestInvoker.java:146)
at org.testng.internal.TestMethodWorker.invokeTestMethods(TestMethodWorker.java:146)
at org.testng.internal.TestMethodWorker.run(TestMethodWorker.java:128)
at java.base/java.util.ArrayList.forEach(ArrayList.java:1511)
at org.testng.TestRunner.privateRun(TestRunner.java:794)
at org.testng.TestRunner.run(TestRunner.java:596)
at org.testng.SuiteRunner.runTest(SuiteRunner.java:377)
at org.testng.SuiteRunner.runSequentially(SuiteRunner.java:371)
at org.testng.SuiteRunner.privateRun(SuiteRunner.java:332)
at org.testng.SuiteRunner.run(SuiteRunner.java:276)
at org.testng.SuiteRunnerWorker.runSuite(SuiteRunnerWorker.java:53)
at org.testng.SuiteRunnerWorker.run(SuiteRunnerWorker.java:96)
at org.testng.TestNG.runSuitesSequentially(TestNG.java:1212)
at org.testng.TestNG.runSuitesLocally(TestNG.java:1134)
at org.testng.TestNG.runSuites(TestNG.java:1063)
at org.testng.TestNG.run(TestNG.java:1031)
at org.testng.remote.AbstractRemoteTestNG.run(AbstractRemoteTestNG.java:115)
at org.testng.remote.RemoteTestNG.initAndRun(RemoteTestNG.java:251)
at org.testng.remote.RemoteTestNG.main(RemoteTestNG.java:77)
]]>
            </full-stacktrace>
          </exception> <!-- java.lang.AssertionError -->
          <reporter-output>
          </reporter-output>
        </test-method> <!-- verifyScreenshotCaptureFunctionality -->
        <test-method is-config="true" signature="resetToLoginPage()[pri:0, instance:E2E.Framework.LoginPageTest@1b75c2e3]" started-at="2024-12-01T19:43:09 IST" name="resetToLoginPage" finished-at="2024-12-01T19:43:09 IST" duration-ms="37" status="PASS">
          <reporter-output>
          </reporter-output>
        </test-method> <!-- resetToLoginPage -->
        <test-method signature="verifyCustomMethods()[pri:5, instance:E2E.Framework.LoginPageTest@1b75c2e3]" started-at="2024-12-01T19:43:09 IST" name="verifyCustomMethods" finished-at="2024-12-01T19:43:09 IST" duration-ms="39" status="PASS">
          <reporter-output>
          </reporter-output>
        </test-method> <!-- verifyCustomMethods -->
        <test-method is-config="true" signature="teardown()[pri:0, instance:E2E.Framework.LoginPageTest@1b75c2e3]" started-at="2024-12-01T19:43:09 IST" name="teardown" finished-at="2024-12-01T19:43:10 IST" duration-ms="657" status="PASS">
          <reporter-output>
          </reporter-output>
        </test-method> <!-- teardown -->
      </class> <!-- E2E.Framework.LoginPageTest -->
      <class name="E2E.Framework.LandingPageTest">
        <test-method is-config="true" signature="setup()[pri:0, instance:E2E.Framework.LandingPageTest@36060e]" started-at="2024-12-01T19:42:57 IST" name="setup" finished-at="2024-12-01T19:43:00 IST" duration-ms="2500" status="PASS">
          <reporter-output>
          </reporter-output>
        </test-method> <!-- setup -->
        <test-method is-config="true" signature="resetToLoginPage()[pri:0, instance:E2E.Framework.LandingPageTest@36060e]" started-at="2024-12-01T19:43:00 IST" name="resetToLoginPage" finished-at="2024-12-01T19:43:00 IST" duration-ms="356" status="PASS">
          <reporter-output>
          </reporter-output>
        </test-method> <!-- resetToLoginPage -->
        <test-method signature="verifyThatStandardUserCanGoTolandingPage()[pri:1, instance:E2E.Framework.LandingPageTest@36060e]" started-at="2024-12-01T19:43:00 IST" name="verifyThatStandardUserCanGoTolandingPage" finished-at="2024-12-01T19:43:00 IST" duration-ms="158" status="PASS">
          <reporter-output>
          </reporter-output>
        </test-method> <!-- verifyThatStandardUserCanGoTolandingPage -->
        <test-method is-config="true" signature="clearCookies()[pri:0, instance:E2E.Framework.LandingPageTest@36060e]" started-at="2024-12-01T19:43:00 IST" name="clearCookies" finished-at="2024-12-01T19:43:00 IST" duration-ms="11" status="PASS">
          <reporter-output>
          </reporter-output>
        </test-method> <!-- clearCookies -->
        <test-method is-config="true" signature="resetToLoginPage()[pri:0, instance:E2E.Framework.LandingPageTest@36060e]" started-at="2024-12-01T19:43:00 IST" name="resetToLoginPage" finished-at="2024-12-01T19:43:01 IST" duration-ms="322" status="PASS">
          <reporter-output>
          </reporter-output>
        </test-method> <!-- resetToLoginPage -->
        <test-method signature="verifyUserCanClickOnItem(java.lang.String)[pri:2, instance:E2E.Framework.LandingPageTest@36060e]" started-at="2024-12-01T19:43:01 IST" name="verifyUserCanClickOnItem" data-provider="itemNames" finished-at="2024-12-01T19:43:01 IST" duration-ms="120" status="PASS">
          <params>
            <param index="0">
              <value>
                <![CDATA[Sauce Labs Backpack]]>
              </value>
            </param>
          </params>
          <reporter-output>
          </reporter-output>
        </test-method> <!-- verifyUserCanClickOnItem -->
        <test-method is-config="true" signature="clearCookies()[pri:0, instance:E2E.Framework.LandingPageTest@36060e]" started-at="2024-12-01T19:43:01 IST" name="clearCookies" finished-at="2024-12-01T19:43:01 IST" duration-ms="8" status="PASS">
          <reporter-output>
          </reporter-output>
        </test-method> <!-- clearCookies -->
        <test-method is-config="true" signature="resetToLoginPage()[pri:0, instance:E2E.Framework.LandingPageTest@36060e]" started-at="2024-12-01T19:43:01 IST" name="resetToLoginPage" finished-at="2024-12-01T19:43:01 IST" duration-ms="253" status="PASS">
          <reporter-output>
          </reporter-output>
        </test-method> <!-- resetToLoginPage -->
        <test-method signature="verifyUserCanClickOnItem(java.lang.String)[pri:2, instance:E2E.Framework.LandingPageTest@36060e]" started-at="2024-12-01T19:43:01 IST" name="verifyUserCanClickOnItem" data-provider="itemNames" finished-at="2024-12-01T19:43:01 IST" duration-ms="101" status="PASS">
          <params>
            <param index="0">
              <value>
                <![CDATA[Sauce Labs Bike Light]]>
              </value>
            </param>
          </params>
          <reporter-output>
          </reporter-output>
        </test-method> <!-- verifyUserCanClickOnItem -->
        <test-method is-config="true" signature="clearCookies()[pri:0, instance:E2E.Framework.LandingPageTest@36060e]" started-at="2024-12-01T19:43:01 IST" name="clearCookies" finished-at="2024-12-01T19:43:01 IST" duration-ms="8" status="PASS">
          <reporter-output>
          </reporter-output>
        </test-method> <!-- clearCookies -->
        <test-method is-config="true" signature="resetToLoginPage()[pri:0, instance:E2E.Framework.LandingPageTest@36060e]" started-at="2024-12-01T19:43:01 IST" name="resetToLoginPage" finished-at="2024-12-01T19:43:01 IST" duration-ms="265" status="PASS">
          <reporter-output>
          </reporter-output>
        </test-method> <!-- resetToLoginPage -->
        <test-method signature="verifyUserCanClickOnItem(java.lang.String)[pri:2, instance:E2E.Framework.LandingPageTest@36060e]" started-at="2024-12-01T19:43:01 IST" name="verifyUserCanClickOnItem" data-provider="itemNames" finished-at="2024-12-01T19:43:02 IST" duration-ms="105" status="PASS">
          <params>
            <param index="0">
              <value>
                <![CDATA[Sauce Labs Bolt T-Shirt]]>
              </value>
            </param>
          </params>
          <reporter-output>
          </reporter-output>
        </test-method> <!-- verifyUserCanClickOnItem -->
        <test-method is-config="true" signature="clearCookies()[pri:0, instance:E2E.Framework.LandingPageTest@36060e]" started-at="2024-12-01T19:43:02 IST" name="clearCookies" finished-at="2024-12-01T19:43:02 IST" duration-ms="9" status="PASS">
          <reporter-output>
          </reporter-output>
        </test-method> <!-- clearCookies -->
        <test-method is-config="true" signature="resetToLoginPage()[pri:0, instance:E2E.Framework.LandingPageTest@36060e]" started-at="2024-12-01T19:43:02 IST" name="resetToLoginPage" finished-at="2024-12-01T19:43:02 IST" duration-ms="269" status="PASS">
          <reporter-output>
          </reporter-output>
        </test-method> <!-- resetToLoginPage -->
        <test-method signature="verifyThatStandardUserCanClickOnAddToCartButton(java.lang.String)[pri:3, instance:E2E.Framework.LandingPageTest@36060e]" started-at="2024-12-01T19:43:02 IST" name="verifyThatStandardUserCanClickOnAddToCartButton" data-provider="itemNames" finished-at="2024-12-01T19:43:02 IST" duration-ms="167" status="PASS">
          <params>
            <param index="0">
              <value>
                <![CDATA[Sauce Labs Backpack]]>
              </value>
            </param>
          </params>
          <reporter-output>
          </reporter-output>
        </test-method> <!-- verifyThatStandardUserCanClickOnAddToCartButton -->
        <test-method is-config="true" signature="clearCookies()[pri:0, instance:E2E.Framework.LandingPageTest@36060e]" started-at="2024-12-01T19:43:02 IST" name="clearCookies" finished-at="2024-12-01T19:43:02 IST" duration-ms="8" status="PASS">
          <reporter-output>
          </reporter-output>
        </test-method> <!-- clearCookies -->
        <test-method is-config="true" signature="resetToLoginPage()[pri:0, instance:E2E.Framework.LandingPageTest@36060e]" started-at="2024-12-01T19:43:02 IST" name="resetToLoginPage" finished-at="2024-12-01T19:43:02 IST" duration-ms="245" status="PASS">
          <reporter-output>
          </reporter-output>
        </test-method> <!-- resetToLoginPage -->
        <test-method signature="verifyThatStandardUserCanClickOnAddToCartButton(java.lang.String)[pri:3, instance:E2E.Framework.LandingPageTest@36060e]" started-at="2024-12-01T19:43:02 IST" name="verifyThatStandardUserCanClickOnAddToCartButton" data-provider="itemNames" finished-at="2024-12-01T19:43:02 IST" duration-ms="144" status="PASS">
          <params>
            <param index="0">
              <value>
                <![CDATA[Sauce Labs Bike Light]]>
              </value>
            </param>
          </params>
          <reporter-output>
          </reporter-output>
        </test-method> <!-- verifyThatStandardUserCanClickOnAddToCartButton -->
        <test-method is-config="true" signature="clearCookies()[pri:0, instance:E2E.Framework.LandingPageTest@36060e]" started-at="2024-12-01T19:43:02 IST" name="clearCookies" finished-at="2024-12-01T19:43:02 IST" duration-ms="9" status="PASS">
          <reporter-output>
          </reporter-output>
        </test-method> <!-- clearCookies -->
        <test-method is-config="true" signature="resetToLoginPage()[pri:0, instance:E2E.Framework.LandingPageTest@36060e]" started-at="2024-12-01T19:43:02 IST" name="resetToLoginPage" finished-at="2024-12-01T19:43:03 IST" duration-ms="253" status="PASS">
          <reporter-output>
          </reporter-output>
        </test-method> <!-- resetToLoginPage -->
        <test-method signature="verifyThatStandardUserCanClickOnAddToCartButton(java.lang.String)[pri:3, instance:E2E.Framework.LandingPageTest@36060e]" started-at="2024-12-01T19:43:03 IST" name="verifyThatStandardUserCanClickOnAddToCartButton" data-provider="itemNames" finished-at="2024-12-01T19:43:03 IST" duration-ms="151" status="PASS">
          <params>
            <param index="0">
              <value>
                <![CDATA[Sauce Labs Bolt T-Shirt]]>
              </value>
            </param>
          </params>
          <reporter-output>
          </reporter-output>
        </test-method> <!-- verifyThatStandardUserCanClickOnAddToCartButton -->
        <test-method is-config="true" signature="clearCookies()[pri:0, instance:E2E.Framework.LandingPageTest@36060e]" started-at="2024-12-01T19:43:03 IST" name="clearCookies" finished-at="2024-12-01T19:43:03 IST" duration-ms="9" status="PASS">
          <reporter-output>
          </reporter-output>
        </test-method> <!-- clearCookies -->
        <test-method is-config="true" signature="resetToLoginPage()[pri:0, instance:E2E.Framework.LandingPageTest@36060e]" started-at="2024-12-01T19:43:03 IST" name="resetToLoginPage" finished-at="2024-12-01T19:43:03 IST" duration-ms="264" status="PASS">
          <reporter-output>
          </reporter-output>
        </test-method> <!-- resetToLoginPage -->
        <test-method signature="verifyThatStandardUserCanRemoveItemFromCart(java.lang.String)[pri:4, instance:E2E.Framework.LandingPageTest@36060e]" started-at="2024-12-01T19:43:03 IST" name="verifyThatStandardUserCanRemoveItemFromCart" data-provider="itemNames" finished-at="2024-12-01T19:43:03 IST" duration-ms="162" status="PASS">
          <params>
            <param index="0">
              <value>
                <![CDATA[Sauce Labs Backpack]]>
              </value>
            </param>
          </params>
          <reporter-output>
          </reporter-output>
        </test-method> <!-- verifyThatStandardUserCanRemoveItemFromCart -->
        <test-method is-config="true" signature="clearCookies()[pri:0, instance:E2E.Framework.LandingPageTest@36060e]" started-at="2024-12-01T19:43:03 IST" name="clearCookies" finished-at="2024-12-01T19:43:03 IST" duration-ms="8" status="PASS">
          <reporter-output>
          </reporter-output>
        </test-method> <!-- clearCookies -->
        <test-method is-config="true" signature="resetToLoginPage()[pri:0, instance:E2E.Framework.LandingPageTest@36060e]" started-at="2024-12-01T19:43:03 IST" name="resetToLoginPage" finished-at="2024-12-01T19:43:03 IST" duration-ms="266" status="PASS">
          <reporter-output>
          </reporter-output>
        </test-method> <!-- resetToLoginPage -->
        <test-method signature="verifyThatStandardUserCanRemoveItemFromCart(java.lang.String)[pri:4, instance:E2E.Framework.LandingPageTest@36060e]" started-at="2024-12-01T19:43:03 IST" name="verifyThatStandardUserCanRemoveItemFromCart" data-provider="itemNames" finished-at="2024-12-01T19:43:04 IST" duration-ms="147" status="PASS">
          <params>
            <param index="0">
              <value>
                <![CDATA[Sauce Labs Bike Light]]>
              </value>
            </param>
          </params>
          <reporter-output>
          </reporter-output>
        </test-method> <!-- verifyThatStandardUserCanRemoveItemFromCart -->
        <test-method is-config="true" signature="clearCookies()[pri:0, instance:E2E.Framework.LandingPageTest@36060e]" started-at="2024-12-01T19:43:04 IST" name="clearCookies" finished-at="2024-12-01T19:43:04 IST" duration-ms="8" status="PASS">
          <reporter-output>
          </reporter-output>
        </test-method> <!-- clearCookies -->
        <test-method is-config="true" signature="resetToLoginPage()[pri:0, instance:E2E.Framework.LandingPageTest@36060e]" started-at="2024-12-01T19:43:04 IST" name="resetToLoginPage" finished-at="2024-12-01T19:43:04 IST" duration-ms="271" status="PASS">
          <reporter-output>
          </reporter-output>
        </test-method> <!-- resetToLoginPage -->
        <test-method signature="verifyThatStandardUserCanRemoveItemFromCart(java.lang.String)[pri:4, instance:E2E.Framework.LandingPageTest@36060e]" started-at="2024-12-01T19:43:04 IST" name="verifyThatStandardUserCanRemoveItemFromCart" data-provider="itemNames" finished-at="2024-12-01T19:43:04 IST" duration-ms="150" status="PASS">
          <params>
            <param index="0">
              <value>
                <![CDATA[Sauce Labs Bolt T-Shirt]]>
              </value>
            </param>
          </params>
          <reporter-output>
          </reporter-output>
        </test-method> <!-- verifyThatStandardUserCanRemoveItemFromCart -->
        <test-method is-config="true" signature="clearCookies()[pri:0, instance:E2E.Framework.LandingPageTest@36060e]" started-at="2024-12-01T19:43:04 IST" name="clearCookies" finished-at="2024-12-01T19:43:04 IST" duration-ms="9" status="PASS">
          <reporter-output>
          </reporter-output>
        </test-method> <!-- clearCookies -->
        <test-method is-config="true" signature="resetToLoginPage()[pri:0, instance:E2E.Framework.LandingPageTest@36060e]" started-at="2024-12-01T19:43:04 IST" name="resetToLoginPage" finished-at="2024-12-01T19:43:04 IST" duration-ms="248" status="PASS">
          <reporter-output>
          </reporter-output>
        </test-method> <!-- resetToLoginPage -->
        <test-method signature="verifyThatUserCanGoToCart()[pri:5, instance:E2E.Framework.LandingPageTest@36060e]" started-at="2024-12-01T19:43:04 IST" name="verifyThatUserCanGoToCart" finished-at="2024-12-01T19:43:04 IST" duration-ms="136" status="PASS">
          <reporter-output>
          </reporter-output>
        </test-method> <!-- verifyThatUserCanGoToCart -->
        <test-method is-config="true" signature="clearCookies()[pri:0, instance:E2E.Framework.LandingPageTest@36060e]" started-at="2024-12-01T19:43:04 IST" name="clearCookies" finished-at="2024-12-01T19:43:04 IST" duration-ms="15" status="PASS">
          <reporter-output>
          </reporter-output>
        </test-method> <!-- clearCookies -->
        <test-method is-config="true" signature="resetToLoginPage()[pri:0, instance:E2E.Framework.LandingPageTest@36060e]" started-at="2024-12-01T19:43:04 IST" name="resetToLoginPage" finished-at="2024-12-01T19:43:05 IST" duration-ms="291" status="PASS">
          <reporter-output>
          </reporter-output>
        </test-method> <!-- resetToLoginPage -->
        <test-method signature="verifyThatUserCanClickOnContinueShoppingButton()[pri:6, instance:E2E.Framework.LandingPageTest@36060e]" started-at="2024-12-01T19:43:05 IST" name="verifyThatUserCanClickOnContinueShoppingButton" finished-at="2024-12-01T19:43:05 IST" duration-ms="168" status="PASS">
          <reporter-output>
          </reporter-output>
        </test-method> <!-- verifyThatUserCanClickOnContinueShoppingButton -->
        <test-method is-config="true" signature="clearCookies()[pri:0, instance:E2E.Framework.LandingPageTest@36060e]" started-at="2024-12-01T19:43:05 IST" name="clearCookies" finished-at="2024-12-01T19:43:05 IST" duration-ms="24" status="PASS">
          <reporter-output>
          </reporter-output>
        </test-method> <!-- clearCookies -->
        <test-method is-config="true" signature="teardown()[pri:0, instance:E2E.Framework.LandingPageTest@36060e]" started-at="2024-12-01T19:43:05 IST" name="teardown" finished-at="2024-12-01T19:43:06 IST" duration-ms="671" status="PASS">
          <reporter-output>
          </reporter-output>
        </test-method> <!-- teardown -->
      </class> <!-- E2E.Framework.LandingPageTest -->
    </test> <!-- Test -->
  </suite> <!-- Suite -->
</testng-results>
